Unity Editor version:    2020.3.21f1 (a38c86f6690f)
Branch:                  2020.3/staging
Build type:              Release
Batch mode:              YES
macOS version:           Version 11.6 (Build 20G165)
Darwin version:          20.6.0
Architecture:            x86_64
Running under Rosetta:   YES
Available memory:        8192 MB
Using pre-set license
Pro License: NO

COMMAND LINE ARGUMENTS:
/Users/thomasbaker/Documents/2020.3.21f1/Unity.app/Contents/MacOS/Unity
-adb2
-batchMode
-noUpm
-name
AssetImportWorker0
-projectPath
/Users/thomasbaker/Documents/GitHub/TRPG Prototype 5
-logFile
Logs/AssetImportWorker0.log
-srvPort
49724
Successfully changed project path to: /Users/thomasbaker/Documents/GitHub/TRPG Prototype 5
/Users/thomasbaker/Documents/GitHub/TRPG Prototype 5
Using Asset Import Pipeline V2.
Refreshing native plugins compatible for Editor in 51.73 ms, found 2 plugins.
Preloading 0 native plugins for Editor in 0.00 ms.
Initialize engine version: 2020.3.21f1 (a38c86f6690f)
[Subsystems] Discovering subsystems at path /Users/thomasbaker/Documents/2020.3.21f1/Unity.app/Contents/Resources/UnitySubsystems
[Subsystems] Discovering subsystems at path /Users/thomasbaker/Documents/GitHub/TRPG Prototype 5/Assets
GfxDevice: creating device client; threaded=0
2021-11-04 10:00:24.694 Unity[75523:2856701] (null) preferred device: Apple M1 (high power)
2021-11-04 10:00:24.694 Unity[75523:2856701] Metal devices available: 1
2021-11-04 10:00:24.694 Unity[75523:2856701] 0: Apple M1 (high power)
2021-11-04 10:00:24.694 Unity[75523:2856701] Using device Apple M1 (high power)
Initializing Metal device caps: Apple M1
Initialize mono
Mono path[0] = '/Users/thomasbaker/Documents/2020.3.21f1/Unity.app/Contents/Managed'
Mono path[1] = '/Users/thomasbaker/Documents/2020.3.21f1/Unity.app/Contents/MonoBleedingEdge/lib/mono/unityjit'
Mono config path = '/Users/thomasbaker/Documents/2020.3.21f1/Unity.app/Contents/MonoBleedingEdge/etc'
Using monoOptions --debugger-agent=transport=dt_socket,embedding=1,server=y,suspend=n,address=127.0.0.1:56523
Begin MonoManager ReloadAssembly
Registering precompiled unity dll's ...
Register platform support module: /Users/thomasbaker/Documents/2020.3.21f1/PlaybackEngines/WebGLSupport/UnityEditor.WebGL.Extensions.dll
Register platform support module: /Users/thomasbaker/Documents/2020.3.21f1/Unity.app/Contents/PlaybackEngines/MacStandaloneSupport/UnityEditor.OSXStandalone.Extensions.dll
Register platform support module: /Users/thomasbaker/Documents/2020.3.21f1/PlaybackEngines/WindowsStandaloneSupport/UnityEditor.WindowsStandalone.Extensions.dll
Registered in 0.001683 seconds.
Native extension for WindowsStandalone target not found
Native extension for OSXStandalone target not found
Native extension for WebGL target not found
Refreshing native plugins compatible for Editor in 30.78 ms, found 2 plugins.
Preloading 0 native plugins for Editor in 0.00 ms.
Mono: successfully reloaded assembly
- Completed reload, in  3.114 seconds
Domain Reload Profiling:
	ReloadAssembly (3115ms)
		BeginReloadAssembly (110ms)
			ExecutionOrderSort (0ms)
			DisableScriptedObjects (0ms)
			BackupInstance (0ms)
			ReleaseScriptingObjects (0ms)
			CreateAndSetChildDomain (3ms)
		EndReloadAssembly (1573ms)
			LoadAssemblies (108ms)
			RebuildTransferFunctionScriptingTraits (8ms)
			SetupTypeCache (209ms)
			ReleaseScriptCaches (0ms)
			RebuildScriptCaches (51ms)
			SetupLoadedEditorAssemblies (860ms)
				LogAssemblyErrors (0ms)
				InitializePlatformSupportModulesInManaged (24ms)
				SetLoadedEditorAssemblies (1ms)
				RefreshPlugins (31ms)
				BeforeProcessingInitializeOnLoad (140ms)
				ProcessInitializeOnLoadAttributes (512ms)
				ProcessInitializeOnLoadMethodAttributes (151ms)
				AfterProcessingInitializeOnLoad (0ms)
				EditorAssembliesLoaded (2ms)
			ExecutionOrderSort2 (0ms)
			AwakeInstancesAfterBackupRestoration (0ms)
Platform modules already initialized, skipping
Registering precompiled user dll's ...
Registered in 0.003289 seconds.
Begin MonoManager ReloadAssembly
Native extension for WindowsStandalone target not found
Native extension for OSXStandalone target not found
Native extension for WebGL target not found
Refreshing native plugins compatible for Editor in 0.43 ms, found 2 plugins.
Preloading 0 native plugins for Editor in 0.00 ms.
Mono: successfully reloaded assembly
- Completed reload, in  2.995 seconds
Domain Reload Profiling:
	ReloadAssembly (2997ms)
		BeginReloadAssembly (307ms)
			ExecutionOrderSort (0ms)
			DisableScriptedObjects (33ms)
			BackupInstance (0ms)
			ReleaseScriptingObjects (0ms)
			CreateAndSetChildDomain (51ms)
		EndReloadAssembly (2580ms)
			LoadAssemblies (241ms)
			RebuildTransferFunctionScriptingTraits (0ms)
			SetupTypeCache (348ms)
			ReleaseScriptCaches (0ms)
			RebuildScriptCaches (59ms)
			SetupLoadedEditorAssemblies (1612ms)
				LogAssemblyErrors (0ms)
				InitializePlatformSupportModulesInManaged (24ms)
				SetLoadedEditorAssemblies (1ms)
				RefreshPlugins (0ms)
				BeforeProcessingInitializeOnLoad (279ms)
				ProcessInitializeOnLoadAttributes (1272ms)
				ProcessInitializeOnLoadMethodAttributes (33ms)
				AfterProcessingInitializeOnLoad (1ms)
				EditorAssembliesLoaded (1ms)
			ExecutionOrderSort2 (0ms)
			AwakeInstancesAfterBackupRestoration (39ms)
Platform modules already initialized, skipping
Validating Project structure ... 0.001000 seconds.
Shader import version has changed; will reimport all shaders...
Upgrading shader files ...0.000744 seconds.
Application.AssetDatabase Initial Script Refresh Start
RefreshInfo: InitialScriptRefreshV2(NoUpdateAssetOptions) scanfilter:  ... 1 filters
RefreshProfiler: Total: 0.000ms
Application.AssetDatabase Initial Script Refresh End
Application.AssetDatabase.Refresh Start
Application.AssetDatabase.Refresh End
RefreshInfo: StopAssetImportingV2(ForceSynchronousImport) scanfilter: 
RefreshProfiler: Total: 0.000ms
Launching external process: /Users/thomasbaker/Documents/2020.3.21f1/Unity.app/Contents/Tools/UnityShaderCompiler
Launched and connected shader compiler UnityShaderCompiler after 0.04 seconds
Initializing Unity extensions:
========================================================================
Worker process is ready to serve import requests
Refreshing native plugins compatible for Editor in 0.21 ms, found 2 plugins.
Preloading 0 native plugins for Editor in 0.00 ms.
Unloading 1502 Unused Serialized files (Serialized files now loaded: 0)
System memory in use before: 166.3 MB.
System memory in use after: 165.5 MB.

Unloading 80 unused Assets to reduce memory usage. Loaded Objects now: 1973.
Total: 3.514916 ms (FindLiveObjects: 0.192667 ms CreateObjectMapping: 0.032958 ms MarkObjects: 2.867208 ms  DeleteObjects: 0.421083 ms)

AssetImportParameters requested are different than current active one (requested -> active):
  custom:video-decoder-ogg-theora: a1e56fd34408186e4bbccfd4996cb3dc -> 
  custom:container-muxer-webm: aa71ff27fc2769a1b78a27578f13a17b -> 
  custom:container-demuxer-webm: 4f35f7cbe854078d1ac9338744f61a02 -> 
  custom:container-demuxer-ogg: 62fdf1f143b41e24485cea50d1cbac27 -> 
  custom:video-encoder-webm-vp8: eb34c28f22e8b96e1ab97ce403110664 -> 
  custom:framework-osx-AVFoundation: e770b220cccbd017edd2c1fefb359320 -> 
  custom:video-decoder-webm-vp8: 9c59270c3fd7afecdb556c50c9e8de78 -> 
  custom:audio-decoder-ogg-vorbis: bf7c407c2cedff20999df2af8eb42d56 -> 
  custom:audio-encoder-webm-vorbis: bf7c407c2cedff20999df2af8eb42d56 -> 
========================================================================
Received Import Request.
  path: Assets/Scripts/Actions/ActionBase.cs
  artifactKey: Guid(1f4446f33eabd4944ac17a57d25af2bd) Importer(815301076,1909f56bfc062723c751e8b465ee728b)
Start importing Assets/Scripts/Actions/ActionBase.cs using Guid(1f4446f33eabd4944ac17a57d25af2bd) Importer(815301076,1909f56bfc062723c751e8b465ee728b)  -> (artifact id: '34b1dca0a460d2088a6400fae978f00f') in 1.077876 seconds 
  Import took 1.081321 seconds .

========================================================================
Received Import Request.
  Time since last request: 144.863925 seconds.
  path: Assets/Scripts/Actions/ActionBase.cs
  artifactKey: Guid(1f4446f33eabd4944ac17a57d25af2bd) Importer(815301076,1909f56bfc062723c751e8b465ee728b)
Start importing Assets/Scripts/Actions/ActionBase.cs using Guid(1f4446f33eabd4944ac17a57d25af2bd) Importer(815301076,1909f56bfc062723c751e8b465ee728b)  -> (artifact id: '8cea55378687acfcacfa5a7139c339ac') in 0.015141 seconds 
  Import took 0.034142 seconds .

========================================================================
Received Import Request.
  Time since last request: 19.576860 seconds.
  path: Assets/Scripts/Actions/ActionBase.cs
  artifactKey: Guid(1f4446f33eabd4944ac17a57d25af2bd) Importer(815301076,1909f56bfc062723c751e8b465ee728b)
Start importing Assets/Scripts/Actions/ActionBase.cs using Guid(1f4446f33eabd4944ac17a57d25af2bd) Importer(815301076,1909f56bfc062723c751e8b465ee728b)  -> (artifact id: '6710c6cfa756b86c00b863e3aeb756ca') in 0.009176 seconds 
  Import took 0.027567 seconds .

========================================================================
Received Import Request.
  Time since last request: 21.282214 seconds.
  path: Assets/Scripts/Actions/ActionBase.cs
  artifactKey: Guid(1f4446f33eabd4944ac17a57d25af2bd) Importer(815301076,1909f56bfc062723c751e8b465ee728b)
Start importing Assets/Scripts/Actions/ActionBase.cs using Guid(1f4446f33eabd4944ac17a57d25af2bd) Importer(815301076,1909f56bfc062723c751e8b465ee728b)  -> (artifact id: 'f127dbc1f4e8992e419e8a2fbee9e227') in 0.008108 seconds 
  Import took 0.018438 seconds .

========================================================================
Received Import Request.
  Time since last request: 6.165512 seconds.
  path: Assets/Scripts/Actions/ActionBase.cs
  artifactKey: Guid(1f4446f33eabd4944ac17a57d25af2bd) Importer(815301076,1909f56bfc062723c751e8b465ee728b)
Start importing Assets/Scripts/Actions/ActionBase.cs using Guid(1f4446f33eabd4944ac17a57d25af2bd) Importer(815301076,1909f56bfc062723c751e8b465ee728b)  -> (artifact id: '424d3121e4df80a81420e72fd4c16355') in 0.016202 seconds 
  Import took 0.039632 seconds .

========================================================================
Received Import Request.
  Time since last request: 69.941382 seconds.
  path: Assets/Scripts/Actions/ActionBase.cs
  artifactKey: Guid(1f4446f33eabd4944ac17a57d25af2bd) Importer(815301076,1909f56bfc062723c751e8b465ee728b)
Start importing Assets/Scripts/Actions/ActionBase.cs using Guid(1f4446f33eabd4944ac17a57d25af2bd) Importer(815301076,1909f56bfc062723c751e8b465ee728b)  -> (artifact id: '4c2682507054fd3760189e1560c6b73a') in 0.015169 seconds 
  Import took 0.042778 seconds .

========================================================================
Received Import Request.
  Time since last request: 391.427004 seconds.
  path: Assets/Scriptable Objects/ItemBase.cs
  artifactKey: Guid(1fda855f0a06342e1b7c4425221b175e) Importer(815301076,1909f56bfc062723c751e8b465ee728b)
Start importing Assets/Scriptable Objects/ItemBase.cs using Guid(1fda855f0a06342e1b7c4425221b175e) Importer(815301076,1909f56bfc062723c751e8b465ee728b)  -> (artifact id: '412f0860078ab3c11e298901027c9112') in 0.005794 seconds 
  Import took 0.013876 seconds .

========================================================================
Received Import Request.
  Time since last request: 22.891144 seconds.
  path: Assets/Scriptable Objects/ItemBase.cs
  artifactKey: Guid(1fda855f0a06342e1b7c4425221b175e) Importer(815301076,1909f56bfc062723c751e8b465ee728b)
Start importing Assets/Scriptable Objects/ItemBase.cs using Guid(1fda855f0a06342e1b7c4425221b175e) Importer(815301076,1909f56bfc062723c751e8b465ee728b)  -> (artifact id: '3fba6d6b09b25eb9e8fd1f06b95cd3f5') in 0.003738 seconds 
  Import took 0.033230 seconds .

========================================================================
Received Import Request.
  Time since last request: 34.389047 seconds.
  path: Assets/Scripts/Actions/Move.cs
  artifactKey: Guid(671d6b37ae35d4d228b9b05d69ef66b8) Importer(815301076,1909f56bfc062723c751e8b465ee728b)
Start importing Assets/Scripts/Actions/Move.cs using Guid(671d6b37ae35d4d228b9b05d69ef66b8) Importer(815301076,1909f56bfc062723c751e8b465ee728b)  -> (artifact id: 'a1d5e639a51512c6a7a8d0f4a29fb4d5') in 0.005029 seconds 
  Import took 0.016767 seconds .

========================================================================
Received Import Request.
  Time since last request: 16.864317 seconds.
  path: Assets/Scripts/Actions/FollowPath.cs
  artifactKey: Guid(671d6b37ae35d4d228b9b05d69ef66b8) Importer(815301076,1909f56bfc062723c751e8b465ee728b)
Start importing Assets/Scripts/Actions/FollowPath.cs using Guid(671d6b37ae35d4d228b9b05d69ef66b8) Importer(815301076,1909f56bfc062723c751e8b465ee728b)  -> (artifact id: '9571c00c72faa6eba9378b6c909d85d8') in 0.002997 seconds 
  Import took 0.009323 seconds .

========================================================================
Received Import Request.
  Time since last request: 7.660618 seconds.
  path: Assets/Scripts/Actions/FollowPath.cs
  artifactKey: Guid(671d6b37ae35d4d228b9b05d69ef66b8) Importer(815301076,1909f56bfc062723c751e8b465ee728b)
Start importing Assets/Scripts/Actions/FollowPath.cs using Guid(671d6b37ae35d4d228b9b05d69ef66b8) Importer(815301076,1909f56bfc062723c751e8b465ee728b)  -> (artifact id: 'ae31b77e856de8217ca3c35dfaec2f7b') in 0.003729 seconds 
  Import took 0.034909 seconds .

========================================================================
Received Import Request.
  Time since last request: 9.511843 seconds.
  path: Assets/Scripts/Actions/FollowPath.cs
  artifactKey: Guid(671d6b37ae35d4d228b9b05d69ef66b8) Importer(815301076,1909f56bfc062723c751e8b465ee728b)
Start importing Assets/Scripts/Actions/FollowPath.cs using Guid(671d6b37ae35d4d228b9b05d69ef66b8) Importer(815301076,1909f56bfc062723c751e8b465ee728b)  -> (artifact id: 'e041e3c1fe187a91fc784f6c355950fb') in 0.007190 seconds 
  Import took 0.024644 seconds .

