Unity Editor version:    2020.3.21f1 (a38c86f6690f)
Branch:                  2020.3/staging
Build type:              Release
Batch mode:              YES
macOS version:           Version 11.6 (Build 20G165)
Darwin version:          20.6.0
Architecture:            x86_64
Running under Rosetta:   YES
Available memory:        8192 MB
Using pre-set license
Pro License: NO

COMMAND LINE ARGUMENTS:
/Users/thomasbaker/Documents/2020.3.21f1/Unity.app/Contents/MacOS/Unity
-adb2
-batchMode
-noUpm
-name
AssetImportWorker0
-projectPath
/Users/thomasbaker/Documents/GitHub/TRPG Prototype 5
-logFile
Logs/AssetImportWorker0.log
-srvPort
57835
Successfully changed project path to: /Users/thomasbaker/Documents/GitHub/TRPG Prototype 5
/Users/thomasbaker/Documents/GitHub/TRPG Prototype 5
Using Asset Import Pipeline V2.
Refreshing native plugins compatible for Editor in 58.28 ms, found 2 plugins.
Preloading 0 native plugins for Editor in 0.00 ms.
Initialize engine version: 2020.3.21f1 (a38c86f6690f)
[Subsystems] Discovering subsystems at path /Users/thomasbaker/Documents/2020.3.21f1/Unity.app/Contents/Resources/UnitySubsystems
[Subsystems] Discovering subsystems at path /Users/thomasbaker/Documents/GitHub/TRPG Prototype 5/Assets
GfxDevice: creating device client; threaded=0
2021-11-11 13:40:19.739 Unity[71246:5638539] (null) preferred device: Apple M1 (high power)
2021-11-11 13:40:19.739 Unity[71246:5638539] Metal devices available: 1
2021-11-11 13:40:19.739 Unity[71246:5638539] 0: Apple M1 (high power)
2021-11-11 13:40:19.739 Unity[71246:5638539] Using device Apple M1 (high power)
Initializing Metal device caps: Apple M1
Initialize mono
Mono path[0] = '/Users/thomasbaker/Documents/2020.3.21f1/Unity.app/Contents/Managed'
Mono path[1] = '/Users/thomasbaker/Documents/2020.3.21f1/Unity.app/Contents/MonoBleedingEdge/lib/mono/unityjit'
Mono config path = '/Users/thomasbaker/Documents/2020.3.21f1/Unity.app/Contents/MonoBleedingEdge/etc'
Using monoOptions --debugger-agent=transport=dt_socket,embedding=1,server=y,suspend=n,address=127.0.0.1:56246
Begin MonoManager ReloadAssembly
Registering precompiled unity dll's ...
Register platform support module: /Users/thomasbaker/Documents/2020.3.21f1/PlaybackEngines/WebGLSupport/UnityEditor.WebGL.Extensions.dll
Register platform support module: /Users/thomasbaker/Documents/2020.3.21f1/Unity.app/Contents/PlaybackEngines/MacStandaloneSupport/UnityEditor.OSXStandalone.Extensions.dll
Register platform support module: /Users/thomasbaker/Documents/2020.3.21f1/PlaybackEngines/WindowsStandaloneSupport/UnityEditor.WindowsStandalone.Extensions.dll
Registered in 0.002367 seconds.
Native extension for WindowsStandalone target not found
Native extension for OSXStandalone target not found
Native extension for WebGL target not found
Refreshing native plugins compatible for Editor in 30.28 ms, found 2 plugins.
Preloading 0 native plugins for Editor in 0.00 ms.
Mono: successfully reloaded assembly
- Completed reload, in  4.180 seconds
Domain Reload Profiling:
	ReloadAssembly (4181ms)
		BeginReloadAssembly (125ms)
			ExecutionOrderSort (0ms)
			DisableScriptedObjects (0ms)
			BackupInstance (0ms)
			ReleaseScriptingObjects (0ms)
			CreateAndSetChildDomain (3ms)
		EndReloadAssembly (1515ms)
			LoadAssemblies (123ms)
			RebuildTransferFunctionScriptingTraits (2ms)
			SetupTypeCache (211ms)
			ReleaseScriptCaches (0ms)
			RebuildScriptCaches (52ms)
			SetupLoadedEditorAssemblies (847ms)
				LogAssemblyErrors (0ms)
				InitializePlatformSupportModulesInManaged (18ms)
				SetLoadedEditorAssemblies (1ms)
				RefreshPlugins (30ms)
				BeforeProcessingInitializeOnLoad (119ms)
				ProcessInitializeOnLoadAttributes (518ms)
				ProcessInitializeOnLoadMethodAttributes (158ms)
				AfterProcessingInitializeOnLoad (0ms)
				EditorAssembliesLoaded (1ms)
			ExecutionOrderSort2 (0ms)
			AwakeInstancesAfterBackupRestoration (0ms)
Platform modules already initialized, skipping
Registering precompiled user dll's ...
Registered in 0.003598 seconds.
Begin MonoManager ReloadAssembly
Native extension for WindowsStandalone target not found
Native extension for OSXStandalone target not found
Native extension for WebGL target not found
Refreshing native plugins compatible for Editor in 0.40 ms, found 2 plugins.
Preloading 0 native plugins for Editor in 0.00 ms.
Mono: successfully reloaded assembly
- Completed reload, in  3.061 seconds
Domain Reload Profiling:
	ReloadAssembly (3063ms)
		BeginReloadAssembly (361ms)
			ExecutionOrderSort (0ms)
			DisableScriptedObjects (42ms)
			BackupInstance (0ms)
			ReleaseScriptingObjects (0ms)
			CreateAndSetChildDomain (55ms)
		EndReloadAssembly (2584ms)
			LoadAssemblies (241ms)
			RebuildTransferFunctionScriptingTraits (0ms)
			SetupTypeCache (381ms)
			ReleaseScriptCaches (0ms)
			RebuildScriptCaches (62ms)
			SetupLoadedEditorAssemblies (1573ms)
				LogAssemblyErrors (0ms)
				InitializePlatformSupportModulesInManaged (26ms)
				SetLoadedEditorAssemblies (2ms)
				RefreshPlugins (0ms)
				BeforeProcessingInitializeOnLoad (274ms)
				ProcessInitializeOnLoadAttributes (1232ms)
				ProcessInitializeOnLoadMethodAttributes (39ms)
				AfterProcessingInitializeOnLoad (1ms)
				EditorAssembliesLoaded (1ms)
			ExecutionOrderSort2 (0ms)
			AwakeInstancesAfterBackupRestoration (40ms)
Platform modules already initialized, skipping
Validating Project structure ... 0.001765 seconds.
Shader import version has changed; will reimport all shaders...
Upgrading shader files ...0.000709 seconds.
Application.AssetDatabase Initial Script Refresh Start
RefreshInfo: InitialScriptRefreshV2(NoUpdateAssetOptions) scanfilter:  ... 1 filters
RefreshProfiler: Total: 0.000ms
Application.AssetDatabase Initial Script Refresh End
Application.AssetDatabase.Refresh Start
Application.AssetDatabase.Refresh End
RefreshInfo: StopAssetImportingV2(ForceSynchronousImport) scanfilter: 
RefreshProfiler: Total: 0.000ms
Launching external process: /Users/thomasbaker/Documents/2020.3.21f1/Unity.app/Contents/Tools/UnityShaderCompiler
Launched and connected shader compiler UnityShaderCompiler after 0.04 seconds
Initializing Unity extensions:
========================================================================
Worker process is ready to serve import requests
Refreshing native plugins compatible for Editor in 0.30 ms, found 2 plugins.
Preloading 0 native plugins for Editor in 0.00 ms.
Unloading 1509 Unused Serialized files (Serialized files now loaded: 0)
System memory in use before: 166.8 MB.
System memory in use after: 166.0 MB.

Unloading 80 unused Assets to reduce memory usage. Loaded Objects now: 1980.
Total: 3.783000 ms (FindLiveObjects: 0.125417 ms CreateObjectMapping: 0.031167 ms MarkObjects: 3.192500 ms  DeleteObjects: 0.432792 ms)

AssetImportParameters requested are different than current active one (requested -> active):
  custom:video-decoder-ogg-theora: a1e56fd34408186e4bbccfd4996cb3dc -> 
  custom:container-muxer-webm: aa71ff27fc2769a1b78a27578f13a17b -> 
  custom:container-demuxer-webm: 4f35f7cbe854078d1ac9338744f61a02 -> 
  custom:container-demuxer-ogg: 62fdf1f143b41e24485cea50d1cbac27 -> 
  custom:video-encoder-webm-vp8: eb34c28f22e8b96e1ab97ce403110664 -> 
  custom:framework-osx-AVFoundation: e770b220cccbd017edd2c1fefb359320 -> 
  custom:video-decoder-webm-vp8: 9c59270c3fd7afecdb556c50c9e8de78 -> 
  custom:audio-decoder-ogg-vorbis: bf7c407c2cedff20999df2af8eb42d56 -> 
  custom:audio-encoder-webm-vorbis: bf7c407c2cedff20999df2af8eb42d56 -> 
========================================================================
Received Import Request.
  path: Assets/Scripts/Pathfinder.cs
  artifactKey: Guid(5b8b179e03a784eb7bfeed5ed8f243e2) Importer(815301076,1909f56bfc062723c751e8b465ee728b)
Start importing Assets/Scripts/Pathfinder.cs using Guid(5b8b179e03a784eb7bfeed5ed8f243e2) Importer(815301076,1909f56bfc062723c751e8b465ee728b)  -> (artifact id: 'a79a2acdd26fad4b85d4082812a01ab9') in 1.973408 seconds 
  Import took 1.977050 seconds .

========================================================================
Received Import Request.
  Time since last request: 1758.466616 seconds.
  path: Assets/Scripts/EnemyBehaviour.cs
  artifactKey: Guid(d0b891e51de9d44afacf71886155bc67) Importer(815301076,1909f56bfc062723c751e8b465ee728b)
Start importing Assets/Scripts/EnemyBehaviour.cs using Guid(d0b891e51de9d44afacf71886155bc67) Importer(815301076,1909f56bfc062723c751e8b465ee728b)  -> (artifact id: '7362335fbe8bb374f41a3aadf53dd63e') in 0.029395 seconds 
  Import took 0.078910 seconds .

========================================================================
Received Import Request.
  Time since last request: 122762.687686 seconds.
  path: Assets/Scripts/TurnManager.cs
  artifactKey: Guid(04cc4e2e1d59442aab03d7e3c01edb4f) Importer(815301076,1909f56bfc062723c751e8b465ee728b)
Start importing Assets/Scripts/TurnManager.cs using Guid(04cc4e2e1d59442aab03d7e3c01edb4f) Importer(815301076,1909f56bfc062723c751e8b465ee728b)  -> (artifact id: '6f66c3232ed6bd2d5ad44e36e5202cff') in 0.206174 seconds 
  Import took 0.274725 seconds .

========================================================================
Received Import Request.
  Time since last request: 299.533511 seconds.
  path: Assets/Scripts/TurnManager.cs
  artifactKey: Guid(04cc4e2e1d59442aab03d7e3c01edb4f) Importer(815301076,1909f56bfc062723c751e8b465ee728b)
Start importing Assets/Scripts/TurnManager.cs using Guid(04cc4e2e1d59442aab03d7e3c01edb4f) Importer(815301076,1909f56bfc062723c751e8b465ee728b)  -> (artifact id: '26e34f867e9907d4e11be0ca2fd87169') in 0.018467 seconds 
  Import took 0.094968 seconds .

========================================================================
Received Import Request.
  Time since last request: 29.083794 seconds.
  path: Assets/Scripts/TurnManager.cs
  artifactKey: Guid(04cc4e2e1d59442aab03d7e3c01edb4f) Importer(815301076,1909f56bfc062723c751e8b465ee728b)
Start importing Assets/Scripts/TurnManager.cs using Guid(04cc4e2e1d59442aab03d7e3c01edb4f) Importer(815301076,1909f56bfc062723c751e8b465ee728b)  -> (artifact id: '06f1c7616b812a5a5af8c3d80575531a') in 0.011745 seconds 
  Import took 0.043432 seconds .

========================================================================
Received Import Request.
  Time since last request: 43.460510 seconds.
  path: Assets/Scripts/TurnManager.cs
  artifactKey: Guid(04cc4e2e1d59442aab03d7e3c01edb4f) Importer(815301076,1909f56bfc062723c751e8b465ee728b)
Start importing Assets/Scripts/TurnManager.cs using Guid(04cc4e2e1d59442aab03d7e3c01edb4f) Importer(815301076,1909f56bfc062723c751e8b465ee728b)  -> (artifact id: 'f395715734d7757f9084c07d2193e23e') in 0.011490 seconds 
  Import took 0.043377 seconds .

========================================================================
Received Import Request.
  Time since last request: 22.701332 seconds.
  path: Assets/Scripts/TurnManager.cs
  artifactKey: Guid(04cc4e2e1d59442aab03d7e3c01edb4f) Importer(815301076,1909f56bfc062723c751e8b465ee728b)
Start importing Assets/Scripts/TurnManager.cs using Guid(04cc4e2e1d59442aab03d7e3c01edb4f) Importer(815301076,1909f56bfc062723c751e8b465ee728b)  -> (artifact id: '24de957ec33585e417fd1e2e019f901c') in 0.022661 seconds 
  Import took 0.050327 seconds .

========================================================================
Received Import Request.
  Time since last request: 39.706801 seconds.
  path: Assets/Scripts/TurnManager.cs
  artifactKey: Guid(04cc4e2e1d59442aab03d7e3c01edb4f) Importer(815301076,1909f56bfc062723c751e8b465ee728b)
Start importing Assets/Scripts/TurnManager.cs using Guid(04cc4e2e1d59442aab03d7e3c01edb4f) Importer(815301076,1909f56bfc062723c751e8b465ee728b)  -> (artifact id: 'c5e8036472947c250a2c1f86c916435c') in 0.010023 seconds 
  Import took 0.031215 seconds .

========================================================================
Received Import Request.
  Time since last request: 1.829247 seconds.
  path: Assets/Scripts/TurnManager.cs
  artifactKey: Guid(04cc4e2e1d59442aab03d7e3c01edb4f) Importer(815301076,1909f56bfc062723c751e8b465ee728b)
Start importing Assets/Scripts/TurnManager.cs using Guid(04cc4e2e1d59442aab03d7e3c01edb4f) Importer(815301076,1909f56bfc062723c751e8b465ee728b)  -> (artifact id: 'debbac8258090d76e6242177e59b8ddc') in 0.005249 seconds 
  Import took 0.018967 seconds .

========================================================================
Received Import Request.
  Time since last request: 76.989876 seconds.
  path: Assets/Scripts/TurnManager.cs
  artifactKey: Guid(04cc4e2e1d59442aab03d7e3c01edb4f) Importer(815301076,1909f56bfc062723c751e8b465ee728b)
Start importing Assets/Scripts/TurnManager.cs using Guid(04cc4e2e1d59442aab03d7e3c01edb4f) Importer(815301076,1909f56bfc062723c751e8b465ee728b)  -> (artifact id: '92a30c78508bf4b08e4a6f816d6ed1dc') in 0.012882 seconds 
  Import took 0.044689 seconds .

========================================================================
Received Import Request.
  Time since last request: 24.184646 seconds.
  path: Assets/Scripts/TurnManager.cs
  artifactKey: Guid(04cc4e2e1d59442aab03d7e3c01edb4f) Importer(815301076,1909f56bfc062723c751e8b465ee728b)
Start importing Assets/Scripts/TurnManager.cs using Guid(04cc4e2e1d59442aab03d7e3c01edb4f) Importer(815301076,1909f56bfc062723c751e8b465ee728b)  -> (artifact id: '53f634f9e2d9a78ac73ece5c779f9529') in 0.007050 seconds 
  Import took 0.037731 seconds .

========================================================================
Received Import Request.
  Time since last request: 194.446632 seconds.
  path: Assets/Scripts/TurnManager.cs
  artifactKey: Guid(04cc4e2e1d59442aab03d7e3c01edb4f) Importer(815301076,1909f56bfc062723c751e8b465ee728b)
Start importing Assets/Scripts/TurnManager.cs using Guid(04cc4e2e1d59442aab03d7e3c01edb4f) Importer(815301076,1909f56bfc062723c751e8b465ee728b)  -> (artifact id: '90f741772014fa1ca9bd77b0ffcc5fd1') in 0.012994 seconds 
  Import took 0.082935 seconds .

========================================================================
Received Import Request.
  Time since last request: 945.013645 seconds.
  path: Assets/Scripts/TurnManager.cs
  artifactKey: Guid(04cc4e2e1d59442aab03d7e3c01edb4f) Importer(815301076,1909f56bfc062723c751e8b465ee728b)
Start importing Assets/Scripts/TurnManager.cs using Guid(04cc4e2e1d59442aab03d7e3c01edb4f) Importer(815301076,1909f56bfc062723c751e8b465ee728b)  -> (artifact id: 'a3dc0f9551de6faba446060a07c5b05f') in 0.020201 seconds 
  Import took 0.031782 seconds .

========================================================================
Received Import Request.
  Time since last request: 38.118583 seconds.
  path: Assets/Scripts/TurnManager.cs
  artifactKey: Guid(04cc4e2e1d59442aab03d7e3c01edb4f) Importer(815301076,1909f56bfc062723c751e8b465ee728b)
Start importing Assets/Scripts/TurnManager.cs using Guid(04cc4e2e1d59442aab03d7e3c01edb4f) Importer(815301076,1909f56bfc062723c751e8b465ee728b)  -> (artifact id: '3f19e399221ee53e0a49dce892b60199') in 0.011279 seconds 
  Import took 0.043210 seconds .

========================================================================
Received Import Request.
  Time since last request: 17.873101 seconds.
  path: Assets/Scripts/TurnManager.cs
  artifactKey: Guid(04cc4e2e1d59442aab03d7e3c01edb4f) Importer(815301076,1909f56bfc062723c751e8b465ee728b)
Start importing Assets/Scripts/TurnManager.cs using Guid(04cc4e2e1d59442aab03d7e3c01edb4f) Importer(815301076,1909f56bfc062723c751e8b465ee728b)  -> (artifact id: 'd2340ac9178841d3ea8f4e9e4f4b845d') in 0.005078 seconds 
  Import took 0.015917 seconds .

========================================================================
Received Import Request.
  Time since last request: 19.266764 seconds.
  path: Assets/Scripts/TurnManager.cs
  artifactKey: Guid(04cc4e2e1d59442aab03d7e3c01edb4f) Importer(815301076,1909f56bfc062723c751e8b465ee728b)
Start importing Assets/Scripts/TurnManager.cs using Guid(04cc4e2e1d59442aab03d7e3c01edb4f) Importer(815301076,1909f56bfc062723c751e8b465ee728b)  -> (artifact id: 'dc64c5cef3986c31cda76390f6afa8e9') in 0.009407 seconds 
  Import took 0.032941 seconds .

========================================================================
Received Import Request.
  Time since last request: 23.513410 seconds.
  path: Assets/Scripts/TurnManager.cs
  artifactKey: Guid(04cc4e2e1d59442aab03d7e3c01edb4f) Importer(815301076,1909f56bfc062723c751e8b465ee728b)
Start importing Assets/Scripts/TurnManager.cs using Guid(04cc4e2e1d59442aab03d7e3c01edb4f) Importer(815301076,1909f56bfc062723c751e8b465ee728b)  -> (artifact id: 'b39174dc4c9782ba270d070c223482ce') in 0.011652 seconds 
  Import took 0.040934 seconds .

========================================================================
Received Import Request.
  Time since last request: 25.403000 seconds.
  path: Assets/Scripts/TurnManager.cs
  artifactKey: Guid(04cc4e2e1d59442aab03d7e3c01edb4f) Importer(815301076,1909f56bfc062723c751e8b465ee728b)
Start importing Assets/Scripts/TurnManager.cs using Guid(04cc4e2e1d59442aab03d7e3c01edb4f) Importer(815301076,1909f56bfc062723c751e8b465ee728b)  -> (artifact id: 'a8a21fb5ebcb17e931dd2ba201fd38ae') in 0.007212 seconds 
  Import took 0.027944 seconds .

========================================================================
Received Import Request.
  Time since last request: 46.994154 seconds.
  path: Assets/Scripts/TurnManager.cs
  artifactKey: Guid(04cc4e2e1d59442aab03d7e3c01edb4f) Importer(815301076,1909f56bfc062723c751e8b465ee728b)
Start importing Assets/Scripts/TurnManager.cs using Guid(04cc4e2e1d59442aab03d7e3c01edb4f) Importer(815301076,1909f56bfc062723c751e8b465ee728b)  -> (artifact id: '482f38036311fbe973354053abcc03a3') in 0.015886 seconds 
  Import took 0.046961 seconds .

========================================================================
Received Import Request.
  Time since last request: 14.626255 seconds.
  path: Assets/Scripts/TurnManager.cs
  artifactKey: Guid(04cc4e2e1d59442aab03d7e3c01edb4f) Importer(815301076,1909f56bfc062723c751e8b465ee728b)
Start importing Assets/Scripts/TurnManager.cs using Guid(04cc4e2e1d59442aab03d7e3c01edb4f) Importer(815301076,1909f56bfc062723c751e8b465ee728b)  -> (artifact id: '431cfbaca14c6ff7f142cb43627023d0') in 0.006928 seconds 
  Import took 0.035152 seconds .

========================================================================
Received Import Request.
  Time since last request: 5.570567 seconds.
  path: Assets/Scripts/TurnManager.cs
  artifactKey: Guid(04cc4e2e1d59442aab03d7e3c01edb4f) Importer(815301076,1909f56bfc062723c751e8b465ee728b)
Start importing Assets/Scripts/TurnManager.cs using Guid(04cc4e2e1d59442aab03d7e3c01edb4f) Importer(815301076,1909f56bfc062723c751e8b465ee728b)  -> (artifact id: 'd57d6fa42b73fbd8c82816a7a5e2ebde') in 0.010083 seconds 
  Import took 0.039891 seconds .

========================================================================
Received Import Request.
  Time since last request: 21.862172 seconds.
  path: Assets/Scripts/TurnManager.cs
  artifactKey: Guid(04cc4e2e1d59442aab03d7e3c01edb4f) Importer(815301076,1909f56bfc062723c751e8b465ee728b)
Start importing Assets/Scripts/TurnManager.cs using Guid(04cc4e2e1d59442aab03d7e3c01edb4f) Importer(815301076,1909f56bfc062723c751e8b465ee728b)  -> (artifact id: '8a92ff7ff7ab209b3da37060c91babcd') in 0.027705 seconds 
  Import took 0.069030 seconds .

